<?xml version="1.0" encoding="UTF-8"?>
<!-- Generated by org.testng.reporters.JUnitReportReporter -->
<testsuite hostname="DESKTOP-86CSM53" failures="0" tests="2" name="Academy.HomePage" time="137.925" errors="0" timestamp="2022-06-07T12:00:40 GMT+01:00" skipped="0">
  <testcase classname="Academy.HomePage" name="basePageNavigation" time="60.116"/>
  <system-out/>
  <testcase classname="Academy.HomePage" name="basePageNavigation" time="77.809"/>
  <system-out/>
</testsuite> <!-- Academy.HomePage -->
